<?xml version="1.0" encoding="UTF-8"?>
<!-- Generated by org.testng.reporters.JUnitReportReporter -->
<testsuite hostname="Arun" failures="0" tests="6" name="api.test.DDTests" time="18.331" errors="0" timestamp="2023-09-28T16:33:43 IST" skipped="0">
  <testcase classname="api.test.DDTests" name="testPostUser" time="4.313"/>
  <testcase classname="api.test.DDTests" name="testPostUser" time="2.852"/>
  <testcase classname="api.test.DDTests" name="testPostUser" time="4.396"/>
  <testcase classname="api.test.DDTests" name="testDeleteUserByName" time="2.164"/>
  <testcase classname="api.test.DDTests" name="testDeleteUserByName" time="1.844"/>
  <testcase classname="api.test.DDTests" name="testDeleteUserByName" time="2.762"/>
</testsuite> <!-- api.test.DDTests -->
