<?xml version="1.0" encoding="UTF-8"?>
<!-- Generated by org.testng.reporters.JUnitReportReporter -->
<testsuite hostname="Arun" failures="0" tests="4" name="api.test.UserTests" time="18.011" errors="0" timestamp="2023-10-03T11:36:11 IST" skipped="0">
  <testcase classname="api.test.UserTests" name="testPostUser" time="11.304"/>
  <testcase classname="api.test.UserTests" name="testGetUserByName" time="1.491"/>
  <testcase classname="api.test.UserTests" name="testUpdateUserByName" time="3.319"/>
  <testcase classname="api.test.UserTests" name="testDeleteUserByName" time="1.897"/>
</testsuite> <!-- api.test.UserTests -->
